[debug] [2023-07-30T09:44:48.055Z] ----------------------------------------------------------------------
[debug] [2023-07-30T09:44:48.056Z] Command:       C:\Program Files\nodejs\node.exe C:\Users\Юлия\AppData\Roaming\npm\node_modules\firebase-tools\lib\bin\firebase.js init
[debug] [2023-07-30T09:44:48.057Z] CLI Version:   12.2.0
[debug] [2023-07-30T09:44:48.057Z] Platform:      win32
[debug] [2023-07-30T09:44:48.057Z] Node Version:  v18.16.0
[debug] [2023-07-30T09:44:48.058Z] Time:          Sun Jul 30 2023 12:44:48 GMT+0300 (Восточная Европа, летнее время)
[debug] [2023-07-30T09:44:48.058Z] ----------------------------------------------------------------------
[debug] 
[debug] [2023-07-30T09:44:48.126Z] > command requires scopes: ["email","openid","https://www.googleapis.com/auth/cloudplatformprojects.readonly","https://www.googleapis.com/auth/firebase","https://www.googleapis.com/auth/cloud-platform"]
[debug] [2023-07-30T09:44:48.127Z] > authorizing via signed-in user (juliiaterekhova@gmail.com)
[info] 
     ######## #### ########  ######## ########     ###     ######  ########
     ##        ##  ##     ## ##       ##     ##  ##   ##  ##       ##
     ######    ##  ########  ######   ########  #########  ######  ######
     ##        ##  ##    ##  ##       ##     ## ##     ##       ## ##
     ##       #### ##     ## ######## ########  ##     ##  ######  ########

You're about to initialize a Firebase project in this directory:

  E:\

Before we get started, keep in mind:

  * You are initializing within an existing Firebase project directory

[info] 
=== Project Setup
[info] 
[info] First, let's associate this project directory with a Firebase project.
[info] You can create multiple project aliases by running firebase use --add, 
[info] but for now we'll just set up a default project.
[info] 
[debug] [2023-07-30T09:44:56.166Z] Using project from CLI flag: binance-powerful-bot
[debug] [2023-07-30T09:44:56.168Z] >>> [apiv2][query] GET https://firebase.googleapis.com/v1beta1/projects/binance-powerful-bot [none]
[debug] [2023-07-30T09:44:56.529Z] <<< [apiv2][status] GET https://firebase.googleapis.com/v1beta1/projects/binance-powerful-bot 403
[debug] [2023-07-30T09:44:56.529Z] <<< [apiv2][body] GET https://firebase.googleapis.com/v1beta1/projects/binance-powerful-bot {"error":{"code":403,"message":"The caller does not have permission","status":"PERMISSION_DENIED"}}
[debug] [2023-07-30T09:44:56.530Z] HTTP Error: 403, The caller does not have permission
[debug] [2023-07-30T09:44:56.645Z] FirebaseError: HTTP Error: 403, The caller does not have permission
    at responseToError (C:\Users\Юлия\AppData\Roaming\npm\node_modules\firebase-tools\lib\responseToError.js:49:12)
    at RetryOperation._fn (C:\Users\Юлия\AppData\Roaming\npm\node_modules\firebase-tools\lib\apiv2.js:288:77)
    at process.processTicksAndRejections (node:internal/process/task_queues:95:5)
[error] 
[error] Error: Failed to get Firebase project binance-powerful-bot. Please make sure the project exists and your account has permission to access it.
[debug] [2023-08-08T14:12:12.820Z] ----------------------------------------------------------------------
[debug] [2023-08-08T14:12:12.822Z] Command:       C:\Program Files\nodejs\node.exe C:\Users\Юлия\AppData\Roaming\npm\node_modules\firebase-tools\lib\bin\firebase.js init
[debug] [2023-08-08T14:12:12.822Z] CLI Version:   12.2.0
[debug] [2023-08-08T14:12:12.822Z] Platform:      win32
[debug] [2023-08-08T14:12:12.823Z] Node Version:  v18.16.0
[debug] [2023-08-08T14:12:12.829Z] Time:          Tue Aug 08 2023 17:12:12 GMT+0300 (Восточная Европа, летнее время)
[debug] [2023-08-08T14:12:12.829Z] ----------------------------------------------------------------------
[debug] 
[debug] [2023-08-08T14:12:12.843Z] >>> [apiv2][query] GET https://firebase-public.firebaseio.com/cli.json [none]
[debug] [2023-08-08T14:12:12.967Z] > command requires scopes: ["email","openid","https://www.googleapis.com/auth/cloudplatformprojects.readonly","https://www.googleapis.com/auth/firebase","https://www.googleapis.com/auth/cloud-platform"]
[debug] [2023-08-08T14:12:12.967Z] > authorizing via signed-in user (juliiaterekhova@gmail.com)
[info] 
     ######## #### ########  ######## ########     ###     ######  ########
     ##        ##  ##     ## ##       ##     ##  ##   ##  ##       ##
     ######    ##  ########  ######   ########  #########  ######  ######
     ##        ##  ##    ##  ##       ##     ## ##     ##       ## ##
     ##       #### ##     ## ######## ########  ##     ##  ######  ########

You're about to initialize a Firebase project in this directory:

  E:\

Before we get started, keep in mind:

  * You are initializing within an existing Firebase project directory

[debug] [2023-08-08T14:12:13.316Z] <<< [apiv2][status] GET https://firebase-public.firebaseio.com/cli.json 200
[debug] [2023-08-08T14:12:13.317Z] <<< [apiv2][body] GET https://firebase-public.firebaseio.com/cli.json {"cloudBuildErrorAfter":1594252800000,"cloudBuildWarnAfter":1590019200000,"defaultNode10After":1594252800000,"minVersion":"3.0.5","node8DeploysDisabledAfter":1613390400000,"node8RuntimeDisabledAfter":1615809600000,"node8WarnAfter":1600128000000}
[info] 
=== Project Setup
[info] 
[info] First, let's associate this project directory with a Firebase project.
[info] You can create multiple project aliases by running firebase use --add, 
[info] but for now we'll just set up a default project.
[info] 
[debug] [2023-08-08T14:12:45.864Z] Using project from CLI flag: binance-powerful-bot
[debug] [2023-08-08T14:12:45.865Z] > refreshing access token with scopes: []
[debug] [2023-08-08T14:12:45.866Z] >>> [apiv2][query] POST https://www.googleapis.com/oauth2/v3/token [none]
[debug] [2023-08-08T14:12:45.866Z] >>> [apiv2][body] POST https://www.googleapis.com/oauth2/v3/token [omitted]
[debug] [2023-08-08T14:12:46.136Z] <<< [apiv2][status] POST https://www.googleapis.com/oauth2/v3/token 200
[debug] [2023-08-08T14:12:46.137Z] <<< [apiv2][body] POST https://www.googleapis.com/oauth2/v3/token [omitted]
[debug] [2023-08-08T14:12:46.151Z] >>> [apiv2][query] GET https://firebase.googleapis.com/v1beta1/projects/binance-powerful-bot [none]
[debug] [2023-08-08T14:12:46.587Z] <<< [apiv2][status] GET https://firebase.googleapis.com/v1beta1/projects/binance-powerful-bot 403
[debug] [2023-08-08T14:12:46.587Z] <<< [apiv2][body] GET https://firebase.googleapis.com/v1beta1/projects/binance-powerful-bot {"error":{"code":403,"message":"The caller does not have permission","status":"PERMISSION_DENIED"}}
[debug] [2023-08-08T14:12:46.588Z] HTTP Error: 403, The caller does not have permission
[debug] [2023-08-08T14:12:46.781Z] FirebaseError: HTTP Error: 403, The caller does not have permission
    at responseToError (C:\Users\Юлия\AppData\Roaming\npm\node_modules\firebase-tools\lib\responseToError.js:49:12)
    at RetryOperation._fn (C:\Users\Юлия\AppData\Roaming\npm\node_modules\firebase-tools\lib\apiv2.js:288:77)
    at process.processTicksAndRejections (node:internal/process/task_queues:95:5)
[error] 
[error] Error: Failed to get Firebase project binance-powerful-bot. Please make sure the project exists and your account has permission to access it.
